flex version 2.5.35 usage statistics:
  scanner options: -dpsvI8 -Cem -oyylex.cc
  305/2000 NFA states
  108/1000 DFA states (601 words)
  50 rules
  Compressed tables always back-up
  1/40 start conditions
  171 epsilon states, 75 double epsilon states
  24/100 character classes needed 309/500 words of storage, 0 reused
  1796 state/nextstate pairs created
  279/1517 unique/duplicate transitions
  116/1000 base-def entries created
  193/2000 (peak 434) nxt-chk entries created
  32/2500 (peak 368) template nxt-chk entries created
  0 empty table entries
  8 protos created
  8 templates created, 72 uses
  46/256 equivalence classes created
  4/256 meta-equivalence classes created
  0 (2 saved) hash collisions, 174 DFAs equal
  0 sets of reallocations needed
  920 total table entries needed
